2021-11-23 15:48:46,493 [INFO ] background-preinit org.hibernate.validator.internal.util.Version [Version.java : 21] HV000001: Hibernate Validator 6.2.0.Final
2021-11-23 15:48:46,498 [INFO ] main com.qzx.recruit.RecruitApplication [StartupInfoLogger.java : 55] Starting RecruitApplication using Java 11 on DESKTOP-MVLN807 with PID 14120 (F:\aaa\后端开发\3.java\code\14.recruit\target\classes started by 14522 in F:\aaa\后端开发\3.java\code\14.recruit)
2021-11-23 15:48:46,508 [INFO ] main com.qzx.recruit.RecruitApplication [SpringApplication.java : 663] The following profiles are active: dev
2021-11-23 15:48:47,726 [INFO ] main o.s.c.s.PostProcessorRegistrationDelegate$BeanPostProcessorChecker [PostProcessorRegistrationDelegate.java : 376] Bean 'com.alibaba.druid.spring.boot.autoconfigure.stat.DruidSpringAopConfiguration' of type [com.alibaba.druid.spring.boot.autoconfigure.stat.DruidSpringAopConfiguration] is not eligible for getting processed by all BeanPostProcessors (for example: not eligible for auto-proxying)
2021-11-23 15:48:47,758 [INFO ] main o.s.c.s.PostProcessorRegistrationDelegate$BeanPostProcessorChecker [PostProcessorRegistrationDelegate.java : 376] Bean 'spring.datasource.druid-com.alibaba.druid.spring.boot.autoconfigure.properties.DruidStatProperties' of type [com.alibaba.druid.spring.boot.autoconfigure.properties.DruidStatProperties] is not eligible for getting processed by all BeanPostProcessors (for example: not eligible for auto-proxying)
2021-11-23 15:48:47,763 [INFO ] main o.s.c.s.PostProcessorRegistrationDelegate$BeanPostProcessorChecker [PostProcessorRegistrationDelegate.java : 376] Bean 'advisor' of type [org.springframework.aop.support.RegexpMethodPointcutAdvisor] is not eligible for getting processed by all BeanPostProcessors (for example: not eligible for auto-proxying)
2021-11-23 15:48:47,950 [INFO ] main org.springframework.boot.web.embedded.tomcat.TomcatWebServer [TomcatWebServer.java : 108] Tomcat initialized with port(s): 8080 (http)
2021-11-23 15:48:47,959 [INFO ] main org.apache.coyote.http11.Http11NioProtocol [DirectJDKLog.java : 173] Initializing ProtocolHandler ["http-nio-8080"]
2021-11-23 15:48:47,960 [INFO ] main org.apache.catalina.core.StandardService [DirectJDKLog.java : 173] Starting service [Tomcat]
2021-11-23 15:48:47,960 [INFO ] main org.apache.catalina.core.StandardEngine [DirectJDKLog.java : 173] Starting Servlet engine: [Apache Tomcat/9.0.54]
2021-11-23 15:48:48,025 [INFO ] main o.a.catalina.core.ContainerBase.[Tomcat].[localhost].[/] [DirectJDKLog.java : 173] Initializing Spring embedded WebApplicationContext
2021-11-23 15:48:48,025 [INFO ] main o.s.b.web.servlet.context.ServletWebServerApplicationContext [ServletWebServerApplicationContext.java : 290] Root WebApplicationContext: initialization completed in 1477 ms
2021-11-23 15:48:48,156 [INFO ] main c.a.d.spring.boot.autoconfigure.DruidDataSourceAutoConfigure [DruidDataSourceAutoConfigure.java : 56] Init DruidDataSource
2021-11-23 15:48:48,353 [INFO ] main com.alibaba.druid.pool.DruidDataSource [DruidDataSource.java : 1003] {dataSource-1} inited
2021-11-23 15:48:49,065 [INFO ] main org.apache.coyote.http11.Http11NioProtocol [DirectJDKLog.java : 173] Starting ProtocolHandler ["http-nio-8080"]
2021-11-23 15:48:49,079 [INFO ] main org.springframework.boot.web.embedded.tomcat.TomcatWebServer [TomcatWebServer.java : 220] Tomcat started on port(s): 8080 (http) with context path ''
2021-11-23 15:48:49,359 [INFO ] main com.qzx.recruit.RecruitApplication [StartupInfoLogger.java : 61] Started RecruitApplication in 3.345 seconds (JVM running for 4.121)
2021-11-23 15:49:16,470 [INFO ] http-nio-8080-exec-5 o.a.catalina.core.ContainerBase.[Tomcat].[localhost].[/] [DirectJDKLog.java : 173] Initializing Spring DispatcherServlet 'dispatcherServlet'
2021-11-23 15:49:16,470 [INFO ] http-nio-8080-exec-5 org.springframework.web.servlet.DispatcherServlet [FrameworkServlet.java : 525] Initializing Servlet 'dispatcherServlet'
2021-11-23 15:49:16,471 [INFO ] http-nio-8080-exec-5 org.springframework.web.servlet.DispatcherServlet [FrameworkServlet.java : 547] Completed initialization in 1 ms
2021-11-23 15:50:40,293 [DEBUG] http-nio-8080-exec-9 com.qzx.recruit.mapper.LeaderMapper.selectByPrimaryKey [BaseJdbcLogger.java : 137] ==>  Preparing: select phone_num, `password`, `position` from leader where phone_num = ?
2021-11-23 15:50:40,407 [DEBUG] http-nio-8080-exec-9 com.qzx.recruit.mapper.LeaderMapper.selectByPrimaryKey [BaseJdbcLogger.java : 137] ==> Parameters: zhuxituan(String)
2021-11-23 15:50:40,452 [DEBUG] http-nio-8080-exec-9 com.qzx.recruit.mapper.LeaderMapper.selectByPrimaryKey [BaseJdbcLogger.java : 137] <==      Total: 1
2021-11-23 15:50:40,456 [DEBUG] http-nio-8080-exec-9 c.q.recruit.mapper.LeaderMapper.selectByPhoneNumAndPassword [BaseJdbcLogger.java : 137] ==>  Preparing: select phone_num, `password`, `position` from leader where phone_num=? and `password`=?
2021-11-23 15:50:40,457 [DEBUG] http-nio-8080-exec-9 c.q.recruit.mapper.LeaderMapper.selectByPhoneNumAndPassword [BaseJdbcLogger.java : 137] ==> Parameters: zhuxituan(String), 654321(String)
2021-11-23 15:50:40,491 [DEBUG] http-nio-8080-exec-9 c.q.recruit.mapper.LeaderMapper.selectByPhoneNumAndPassword [BaseJdbcLogger.java : 137] <==      Total: 1
2021-11-23 15:52:07,409 [DEBUG] http-nio-8080-exec-2 c.q.r.m.P.SelectJoinPersonApplyByPersonInfo_COUNT [BaseJdbcLogger.java : 137] ==>  Preparing: SELECT count(0) FROM person_info JOIN person_apply ON person_info.phone_num = person_apply.phone_num WHERE (`name` LIKE CONCAT('%', ?, '%') OR strength LIKE CONCAT('%', ?, '%'))
2021-11-23 15:52:07,414 [DEBUG] http-nio-8080-exec-2 c.q.r.m.P.SelectJoinPersonApplyByPersonInfo_COUNT [BaseJdbcLogger.java : 137] ==> Parameters: 王(String), 王(String)
2021-11-23 15:52:07,462 [DEBUG] http-nio-8080-exec-2 c.q.r.m.P.SelectJoinPersonApplyByPersonInfo_COUNT [BaseJdbcLogger.java : 137] <==      Total: 1
2021-11-23 15:52:07,464 [DEBUG] http-nio-8080-exec-2 c.q.r.m.PersonInfoMapper.SelectJoinPersonApplyByPersonInfo [BaseJdbcLogger.java : 137] ==>  Preparing: select person_info.phone_num as person_info_phone_num, person_info.name as person_info_name, person_info.password as person_info_password, person_info.sex as person_info_sex, person_info.college as person_info_college, person_info.profession as person_info_profession, person_info.stu_id as person_info_stu_id, person_info.campus as person_info_campus, person_info.grade as person_info_grade, person_info.department as person_info_department, person_info.second_depart as person_info_second_depart, person_info.alter_depart as person_info_alter_depart, person_info.adjust as person_info_adjust, person_info.state as person_info_state, person_info.resume_score as person_info_resume_score, person_info.isapply as person_info_isapply, person_info.applytime as person_info_applytime, person_info.altertimes as person_info_altertimes, person_info.interviewtime as person_info_interviewtime, person_info.view_score as person_info_view_score, person_info.notice as person_info_notice , person_apply.phone_num as person_apply_phone_num, person_apply.introduction as person_apply_introduction, person_apply.strength as person_apply_strength, person_apply.direction as person_apply_direction, person_apply.honor as person_apply_honor, person_apply.practice as person_apply_practice, person_apply.interest as person_apply_interest, person_apply.propose as person_apply_propose, person_apply.resume as person_apply_resume, person_apply.remark as person_apply_remark from person_info join person_apply on person_info.phone_num = person_apply.phone_num WHERE (`name` like CONCAT('%' , ? , '%') or strength like CONCAT('%' , ? , '%')) order by person_info.phone_num asc LIMIT ?, ?
2021-11-23 15:52:07,470 [DEBUG] http-nio-8080-exec-2 c.q.r.m.PersonInfoMapper.SelectJoinPersonApplyByPersonInfo [BaseJdbcLogger.java : 137] ==> Parameters: 王(String), 王(String), 5(Long), 5(Integer)
2021-11-23 15:52:07,506 [DEBUG] http-nio-8080-exec-2 c.q.r.m.PersonInfoMapper.SelectJoinPersonApplyByPersonInfo [BaseJdbcLogger.java : 137] <==      Total: 5
2021-11-23 21:12:18,694 [INFO ] SpringApplicationShutdownHook com.alibaba.druid.pool.DruidDataSource [DruidDataSource.java : 1948] {dataSource-1} closing ...
2021-11-23 21:12:18,739 [INFO ] SpringApplicationShutdownHook com.alibaba.druid.pool.DruidDataSource [DruidDataSource.java : 2020] {dataSource-1} closed
2021-11-23 21:12:28,942 [INFO ] background-preinit org.hibernate.validator.internal.util.Version [Version.java : 21] HV000001: Hibernate Validator 6.2.0.Final
2021-11-23 21:12:28,946 [INFO ] main com.qzx.recruit.RecruitApplication [StartupInfoLogger.java : 55] Starting RecruitApplication using Java 11 on DESKTOP-MVLN807 with PID 15372 (F:\aaa\后端开发\3.java\code\14.recruit\target\classes started by 14522 in F:\aaa\后端开发\3.java\code\14.recruit)
2021-11-23 21:12:28,948 [INFO ] main com.qzx.recruit.RecruitApplication [SpringApplication.java : 663] The following profiles are active: dev
2021-11-23 21:12:30,803 [INFO ] main o.s.c.s.PostProcessorRegistrationDelegate$BeanPostProcessorChecker [PostProcessorRegistrationDelegate.java : 376] Bean 'com.alibaba.druid.spring.boot.autoconfigure.stat.DruidSpringAopConfiguration' of type [com.alibaba.druid.spring.boot.autoconfigure.stat.DruidSpringAopConfiguration] is not eligible for getting processed by all BeanPostProcessors (for example: not eligible for auto-proxying)
2021-11-23 21:12:30,832 [INFO ] main o.s.c.s.PostProcessorRegistrationDelegate$BeanPostProcessorChecker [PostProcessorRegistrationDelegate.java : 376] Bean 'spring.datasource.druid-com.alibaba.druid.spring.boot.autoconfigure.properties.DruidStatProperties' of type [com.alibaba.druid.spring.boot.autoconfigure.properties.DruidStatProperties] is not eligible for getting processed by all BeanPostProcessors (for example: not eligible for auto-proxying)
2021-11-23 21:12:30,838 [INFO ] main o.s.c.s.PostProcessorRegistrationDelegate$BeanPostProcessorChecker [PostProcessorRegistrationDelegate.java : 376] Bean 'advisor' of type [org.springframework.aop.support.RegexpMethodPointcutAdvisor] is not eligible for getting processed by all BeanPostProcessors (for example: not eligible for auto-proxying)
2021-11-23 21:12:31,028 [INFO ] main org.springframework.boot.web.embedded.tomcat.TomcatWebServer [TomcatWebServer.java : 108] Tomcat initialized with port(s): 8080 (http)
2021-11-23 21:12:31,036 [INFO ] main org.apache.coyote.http11.Http11NioProtocol [DirectJDKLog.java : 173] Initializing ProtocolHandler ["http-nio-8080"]
2021-11-23 21:12:31,036 [INFO ] main org.apache.catalina.core.StandardService [DirectJDKLog.java : 173] Starting service [Tomcat]
2021-11-23 21:12:31,037 [INFO ] main org.apache.catalina.core.StandardEngine [DirectJDKLog.java : 173] Starting Servlet engine: [Apache Tomcat/9.0.54]
2021-11-23 21:12:31,101 [INFO ] main o.a.catalina.core.ContainerBase.[Tomcat].[localhost].[/] [DirectJDKLog.java : 173] Initializing Spring embedded WebApplicationContext
2021-11-23 21:12:31,102 [INFO ] main o.s.b.web.servlet.context.ServletWebServerApplicationContext [ServletWebServerApplicationContext.java : 290] Root WebApplicationContext: initialization completed in 2083 ms
2021-11-23 21:12:31,234 [INFO ] main c.a.d.spring.boot.autoconfigure.DruidDataSourceAutoConfigure [DruidDataSourceAutoConfigure.java : 56] Init DruidDataSource
2021-11-23 21:12:31,459 [INFO ] main com.alibaba.druid.pool.DruidDataSource [DruidDataSource.java : 1003] {dataSource-1} inited
2021-11-23 21:12:32,448 [INFO ] main org.apache.coyote.http11.Http11NioProtocol [DirectJDKLog.java : 173] Starting ProtocolHandler ["http-nio-8080"]
2021-11-23 21:12:32,463 [INFO ] main org.springframework.boot.web.embedded.tomcat.TomcatWebServer [TomcatWebServer.java : 220] Tomcat started on port(s): 8080 (http) with context path ''
2021-11-23 21:12:32,942 [INFO ] main com.qzx.recruit.RecruitApplication [StartupInfoLogger.java : 61] Started RecruitApplication in 4.698 seconds (JVM running for 6.553)
2021-11-23 21:16:06,949 [INFO ] http-nio-8080-exec-1 o.a.catalina.core.ContainerBase.[Tomcat].[localhost].[/] [DirectJDKLog.java : 173] Initializing Spring DispatcherServlet 'dispatcherServlet'
2021-11-23 21:16:06,949 [INFO ] http-nio-8080-exec-1 org.springframework.web.servlet.DispatcherServlet [FrameworkServlet.java : 525] Initializing Servlet 'dispatcherServlet'
2021-11-23 21:16:06,951 [INFO ] http-nio-8080-exec-1 org.springframework.web.servlet.DispatcherServlet [FrameworkServlet.java : 547] Completed initialization in 2 ms
2021-11-23 21:16:39,225 [INFO ] SpringApplicationShutdownHook com.alibaba.druid.pool.DruidDataSource [DruidDataSource.java : 1948] {dataSource-1} closing ...
2021-11-23 21:16:39,227 [INFO ] SpringApplicationShutdownHook com.alibaba.druid.pool.DruidDataSource [DruidDataSource.java : 2020] {dataSource-1} closed
